================== START of log ==================
================== log for cmake .. ==================
-- The CXX compiler identification is GNU 13.3.0
-- Detecting CXX compiler ABI info
-- Detecting CXX compiler ABI info - done
-- Check for working CXX compiler: /usr/bin/c++ - skipped
-- Detecting CXX compile features
-- Detecting CXX compile features - done
-- No build type selected, default to Release
-- Found Python3: /usr/bin/python3 (found version "3.12.3") found components: Interpreter 
-- Found asio: /usr/include  
-- Found PostgreSQL: /usr/lib/x86_64-linux-gnu/libpq.so (found version "16.9")  
-- Looking for poll
-- Looking for poll - found
-- Generating config.h
-- Generating config.h - done
-- The C compiler identification is GNU 13.3.0
-- Detecting C compiler ABI info
-- Detecting C compiler ABI info - done
-- Check for working C compiler: /usr/bin/cc - skipped
-- Detecting C compile features
-- Detecting C compile features - done
-- Configuring done (6.2s)
-- Generating done (0.0s)
-- Build files have been written to: /home/bostang/Documents/it/MyProgrammingJourney/Aplikasi/cpp_ts_auth/be_cpp/build
================== log for make ==================
[  3%] Building CXX object lib/bcrypt/CMakeFiles/bcrypt.dir/src/bcrypt.cpp.o
[  6%] Building CXX object lib/bcrypt/CMakeFiles/bcrypt.dir/src/blowfish.cpp.o
[  9%] Linking CXX static library libbcrypt.a
[  9%] Built target bcrypt
[ 12%] Building CXX object lib/libpqxx/src/CMakeFiles/pqxx.dir/array.cxx.o
[ 15%] Building CXX object lib/libpqxx/src/CMakeFiles/pqxx.dir/binarystring.cxx.o
[ 18%] Building CXX object lib/libpqxx/src/CMakeFiles/pqxx.dir/blob.cxx.o
[ 21%] Building CXX object lib/libpqxx/src/CMakeFiles/pqxx.dir/connection.cxx.o
[ 24%] Building CXX object lib/libpqxx/src/CMakeFiles/pqxx.dir/cursor.cxx.o
[ 27%] Building CXX object lib/libpqxx/src/CMakeFiles/pqxx.dir/encodings.cxx.o
[ 30%] Building CXX object lib/libpqxx/src/CMakeFiles/pqxx.dir/errorhandler.cxx.o
[ 33%] Building CXX object lib/libpqxx/src/CMakeFiles/pqxx.dir/except.cxx.o
[ 36%] Building CXX object lib/libpqxx/src/CMakeFiles/pqxx.dir/field.cxx.o
[ 39%] Building CXX object lib/libpqxx/src/CMakeFiles/pqxx.dir/largeobject.cxx.o
[ 42%] Building CXX object lib/libpqxx/src/CMakeFiles/pqxx.dir/notification.cxx.o
[ 45%] Building CXX object lib/libpqxx/src/CMakeFiles/pqxx.dir/params.cxx.o
[ 48%] Building CXX object lib/libpqxx/src/CMakeFiles/pqxx.dir/pipeline.cxx.o
[ 51%] Building CXX object lib/libpqxx/src/CMakeFiles/pqxx.dir/result.cxx.o
[ 54%] Building CXX object lib/libpqxx/src/CMakeFiles/pqxx.dir/robusttransaction.cxx.o
[ 57%] Building CXX object lib/libpqxx/src/CMakeFiles/pqxx.dir/row.cxx.o
[ 60%] Building CXX object lib/libpqxx/src/CMakeFiles/pqxx.dir/sql_cursor.cxx.o
[ 63%] Building CXX object lib/libpqxx/src/CMakeFiles/pqxx.dir/strconv.cxx.o
[ 66%] Building CXX object lib/libpqxx/src/CMakeFiles/pqxx.dir/stream_from.cxx.o
[ 69%] Building CXX object lib/libpqxx/src/CMakeFiles/pqxx.dir/stream_to.cxx.o
[ 72%] Building CXX object lib/libpqxx/src/CMakeFiles/pqxx.dir/subtransaction.cxx.o
[ 75%] Building CXX object lib/libpqxx/src/CMakeFiles/pqxx.dir/time.cxx.o
[ 78%] Building CXX object lib/libpqxx/src/CMakeFiles/pqxx.dir/transaction.cxx.o
[ 81%] Building CXX object lib/libpqxx/src/CMakeFiles/pqxx.dir/transaction_base.cxx.o
[ 84%] Building CXX object lib/libpqxx/src/CMakeFiles/pqxx.dir/util.cxx.o
[ 87%] Building CXX object lib/libpqxx/src/CMakeFiles/pqxx.dir/version.cxx.o
[ 90%] Building CXX object lib/libpqxx/src/CMakeFiles/pqxx.dir/wait.cxx.o
[ 93%] Linking CXX static library libpqxx-7.10.a
[ 93%] Built target pqxx
[ 96%] Building CXX object CMakeFiles/server.dir/src/main.cpp.o
[100%] Linking CXX executable server
[100%] Built target server
================== END of log ==================
